<?xml version="1.0" encoding="UTF-8"?>
<!-- Generated by org.testng.reporters.JUnitXMLReporter -->
<testsuite ignored="0" hostname="MacBookAir.hgw.local" failures="2" tests="4" name="Surefire test" time="16.953" errors="0" timestamp="2025-07-13T21:22:35 GMT+03:00">
  <testcase classname="tests.QATest" name="testHomePageIsOpened" time="1.85"/>
  <testcase classname="tests.QATest" name="testCareerPageBlocksAreVisible" time="0.774"/>
  <testcase classname="tests.QATest" name="testQAJobsFilterAndValidation" time="9.632">
    <failure type="java.lang.AssertionError" message="❌ Job not filtered by department! expected [true] but found [false]">
      <![CDATA[java.lang.AssertionError: ❌ Job not filtered by department! expected [true] but found [false]
at tests.QATest.testQAJobsFilterAndValidation(QATest.java:66)
at java.base/java.util.ArrayList.forEach(ArrayList.java:1604)
... Removed 33 stack frames]]>
    </failure>
  </testcase> <!-- testQAJobsFilterAndValidation -->
  <testcase classname="tests.QATest" name="testViewRoleRedirectsToLeverPage" time="2.265">
    <failure type="org.openqa.selenium.ElementClickInterceptedException" message="element click intercepted: Element &amp;lt;a href=&amp;quot;https://jobs.lever.co/useinsider/6b1cb4da-e2b8-4eff-83b7-2931c44b4e69&amp;quot; class=&amp;quot;btn btn-navy rounded pt-2 pr-5 pb-2 pl-5&amp;quot; target=&amp;quot;_blank&amp;quot;&amp;gt;...&amp;lt;/a&amp;gt; is not clickable at point (270, 210). Other element would receive the click: &amp;lt;section id=&amp;quot;career-position-filter&amp;quot; class=&amp;quot;bg-light&amp;quot;&amp;gt;...&amp;lt;/section&amp;gt;
  (Session info: chrome=138.0.7204.101)
Build info: version: &amp;apos;4.21.0&amp;apos;, revision: &amp;apos;79ed462ef4&amp;apos;
System info: os.name: &amp;apos;Mac OS X&amp;apos;, os.arch: &amp;apos;aarch64&amp;apos;, os.version: &amp;apos;15.4.1&amp;apos;, java.version: &amp;apos;24.0.1&amp;apos;
Driver info: org.openqa.selenium.chrome.ChromeDriver
Command: [fbe9e02d874e8e50715e885e59c63bda, clickElement {id=f.743D88F009AD5B6AC1B4E0C936E5622B.d.B9AF698E851489413E84B4A385A1A4AF.e.312}]
Capabilities {acceptInsecureCerts: false, browserName: chrome, browserVersion: 138.0.7204.101, chrome: {chromedriverVersion: 138.0.7204.94 (545025748884..., userDataDir: /var/folders/hz/cwg6cg4n5ms...}, fedcm:accounts: true, goog:chromeOptions: {debuggerAddress: localhost:64594}, networkConnectionEnabled: false, pageLoadStrategy: normal, platformName: mac, proxy: Proxy(), se:cdp: ws://localhost:64594/devtoo..., se:cdpVersion: 138.0.7204.101, setWindowRect: true, strictFileInteractability: false, timeouts: {implicit: 0, pageLoad: 300000, script: 30000}, unhandledPromptBehavior: dismiss and notify, webauthn:extension:credBlob: true, webauthn:extension:largeBlob: true, webauthn:extension:minPinLength: true, webauthn:extension:prf: true, webauthn:virtualAuthenticators: true}
Element: [[[[ChromeDriver: chrome on mac (fbe9e02d874e8e50715e885e59c63bda)] -&amp;gt; css selector: div.position-list.position-list.col-12.d-flex.flex-wrap.mt-5.pl-2.pr-2 &amp;gt; div]] -&amp;gt; xpath: .//a[contains(text(), &amp;apos;View Role&amp;apos;)]]
Session ID: fbe9e02d874e8e50715e885e59c63bda">
      <![CDATA[org.openqa.selenium.ElementClickInterceptedException: element click intercepted: Element <a href="https://jobs.lever.co/useinsider/6b1cb4da-e2b8-4eff-83b7-2931c44b4e69" class="btn btn-navy rounded pt-2 pr-5 pb-2 pl-5" target="_blank">...</a> is not clickable at point (270, 210). Other element would receive the click: <section id="career-position-filter" class="bg-light">...</section>
  (Session info: chrome=138.0.7204.101)
Build info: version: '4.21.0', revision: '79ed462ef4'
System info: os.name: 'Mac OS X', os.arch: 'aarch64', os.version: '15.4.1', java.version: '24.0.1'
Driver info: org.openqa.selenium.chrome.ChromeDriver
Command: [fbe9e02d874e8e50715e885e59c63bda, clickElement {id=f.743D88F009AD5B6AC1B4E0C936E5622B.d.B9AF698E851489413E84B4A385A1A4AF.e.312}]
Capabilities {acceptInsecureCerts: false, browserName: chrome, browserVersion: 138.0.7204.101, chrome: {chromedriverVersion: 138.0.7204.94 (545025748884..., userDataDir: /var/folders/hz/cwg6cg4n5ms...}, fedcm:accounts: true, goog:chromeOptions: {debuggerAddress: localhost:64594}, networkConnectionEnabled: false, pageLoadStrategy: normal, platformName: mac, proxy: Proxy(), se:cdp: ws://localhost:64594/devtoo..., se:cdpVersion: 138.0.7204.101, setWindowRect: true, strictFileInteractability: false, timeouts: {implicit: 0, pageLoad: 300000, script: 30000}, unhandledPromptBehavior: dismiss and notify, webauthn:extension:credBlob: true, webauthn:extension:largeBlob: true, webauthn:extension:minPinLength: true, webauthn:extension:prf: true, webauthn:virtualAuthenticators: true}
Element: [[[[ChromeDriver: chrome on mac (fbe9e02d874e8e50715e885e59c63bda)] -> css selector: div.position-list.position-list.col-12.d-flex.flex-wrap.mt-5.pl-2.pr-2 > div]] -> xpath: .//a[contains(text(), 'View Role')]]
Session ID: fbe9e02d874e8e50715e885e59c63bda
at org.openqa.selenium.remote.ErrorCodec.decode(ErrorCodec.java:167)
at org.openqa.selenium.remote.codec.w3c.W3CHttpResponseCodec.decode(W3CHttpResponseCodec.java:138)
at org.openqa.selenium.remote.codec.w3c.W3CHttpResponseCodec.decode(W3CHttpResponseCodec.java:50)
at org.openqa.selenium.remote.HttpCommandExecutor.execute(HttpCommandExecutor.java:190)
at org.openqa.selenium.remote.service.DriverCommandExecutor.invokeExecute(DriverCommandExecutor.java:216)
at org.openqa.selenium.remote.service.DriverCommandExecutor.execute(DriverCommandExecutor.java:174)
at org.openqa.selenium.remote.RemoteWebDriver.execute(RemoteWebDriver.java:518)
at org.openqa.selenium.remote.RemoteWebElement.execute(RemoteWebElement.java:223)
at org.openqa.selenium.remote.RemoteWebElement.click(RemoteWebElement.java:76)
at pages.QAJobsPage.clickFirstViewRoleAndSwitchToNewTab(QAJobsPage.java:68)
at tests.QATest.testViewRoleRedirectsToLeverPage(QATest.java:72)
at java.base/java.util.ArrayList.forEach(ArrayList.java:1604)
... Removed 33 stack frames]]>
    </failure>
  </testcase> <!-- testViewRoleRedirectsToLeverPage -->
</testsuite> <!-- Surefire test -->
