<?xml version="1.0" encoding="UTF-8"?>
<!-- Generated by org.testng.reporters.JUnitXMLReporter -->
<testsuite ignored="0" hostname="MacBookAir.hgw.local" failures="0" tests="4" name="Surefire test" time="19.949" errors="0" timestamp="2025-07-13T22:59:41 GMT+03:00">
  <testcase classname="tests.QATest" name="testHomePageIsOpened" time="1.967"/>
  <testcase classname="tests.QATest" name="testCareerPageBlocksAreVisible" time="0.903"/>
  <testcase classname="tests.QATest" name="testQAJobsFilterAndValidation" time="9.866"/>
  <testcase classname="tests.QATest" name="testViewRoleRedirectsToLeverPage" time="4.184"/>
</testsuite> <!-- Surefire test -->
