<?xml version="1.0" encoding="UTF-8"?>
<testng-results ignored="0" total="4" passed="4" failed="0" skipped="0">
  <reporter-output>
  </reporter-output>
  <suite started-at="2025-07-13T22:59:21 GMT+03:00" name="Surefire suite" finished-at="2025-07-13T22:59:41 GMT+03:00" duration-ms="19949">
    <groups>
    </groups>
    <test started-at="2025-07-13T22:59:21 GMT+03:00" name="Surefire test" finished-at="2025-07-13T22:59:41 GMT+03:00" duration-ms="19949">
      <class name="tests.QATest">
        <test-method is-config="true" signature="setUp()[pri:0, instance:tests.QATest@588df31b]" started-at="2025-07-13T22:59:21 GMT+03:00" name="setUp" finished-at="2025-07-13T22:59:24 GMT+03:00" duration-ms="2792" status="PASS">
          <reporter-output>
          </reporter-output>
        </test-method> <!-- setUp -->
        <test-method signature="testHomePageIsOpened()[pri:1, instance:tests.QATest@588df31b]" started-at="2025-07-13T22:59:24 GMT+03:00" name="testHomePageIsOpened" description="Verify that Insider homepage is opened successfully." finished-at="2025-07-13T22:59:26 GMT+03:00" duration-ms="1967" status="PASS">
          <reporter-output>
          </reporter-output>
        </test-method> <!-- testHomePageIsOpened -->
        <test-method signature="testCareerPageBlocksAreVisible()[pri:2, instance:tests.QATest@588df31b]" started-at="2025-07-13T22:59:26 GMT+03:00" name="testCareerPageBlocksAreVisible" description="Verify that Career page blocks (Locations, Teams, Life at Insider) are visible." finished-at="2025-07-13T22:59:27 GMT+03:00" duration-ms="903" status="PASS">
          <reporter-output>
          </reporter-output>
        </test-method> <!-- testCareerPageBlocksAreVisible -->
        <test-method signature="testQAJobsFilterAndValidation()[pri:3, instance:tests.QATest@588df31b]" started-at="2025-07-13T22:59:27 GMT+03:00" name="testQAJobsFilterAndValidation" description="Verify succesful filtering of QA jobs by location and department. Redirects to application form. May Department selection fail on 13inch due to layout shift but it selects Senior Software Quality Assurance Engineer job" finished-at="2025-07-13T22:59:37 GMT+03:00" duration-ms="9866" status="PASS">
          <reporter-output>
          </reporter-output>
        </test-method> <!-- testQAJobsFilterAndValidation -->
        <test-method signature="testViewRoleRedirectsToLeverPage()[pri:4, instance:tests.QATest@588df31b]" started-at="2025-07-13T22:59:37 GMT+03:00" name="testViewRoleRedirectsToLeverPage" description="Verify that clicking &#039;View Role&#039; redirects to the Lever application form." finished-at="2025-07-13T22:59:41 GMT+03:00" duration-ms="4184" status="PASS">
          <reporter-output>
          </reporter-output>
        </test-method> <!-- testViewRoleRedirectsToLeverPage -->
        <test-method is-config="true" signature="tearDown()[pri:0, instance:tests.QATest@588df31b]" started-at="2025-07-13T22:59:41 GMT+03:00" name="tearDown" finished-at="2025-07-13T22:59:41 GMT+03:00" duration-ms="213" status="PASS">
          <reporter-output>
          </reporter-output>
        </test-method> <!-- tearDown -->
      </class> <!-- tests.QATest -->
    </test> <!-- Surefire test -->
  </suite> <!-- Surefire suite -->
</testng-results>
