<?xml version="1.0" encoding="UTF-8"?>
<testsuite xmlns:xsi="http://www.w3.org/2001/XMLSchema-instance" xsi:noNamespaceSchemaLocation="https://maven.apache.org/surefire/maven-surefire-plugin/xsd/surefire-test-report.xsd" name="tests.InsiderQATest" time="39.782" tests="4" errors="0" skipped="0" failures="4">
  <properties>
[...]
</properties>
  <testcase name="testHomePageIsOpened" classname="tests.InsiderQATest" time="13.603">
    <failure message="no such element: Unable to locate element: {&quot;method&quot;:&quot;css selector&quot;,&quot;selector&quot;:&quot;div.navbar&quot;}&#10;  (Session info: chrome=138.0.7204.93)&#10;For documentation on this error, please visit: https://www.selenium.dev/documentation/webdriver/troubleshooting/errors#no-such-element-exception&#10;Build info: version: &apos;4.21.0&apos;, revision: &apos;79ed462ef4&apos;&#10;System info: os.name: &apos;Mac OS X&apos;, os.arch: &apos;aarch64&apos;, os.version: &apos;15.4.1&apos;, java.version: &apos;24.0.1&apos;&#10;Driver info: org.openqa.selenium.chrome.ChromeDriver&#10;Command: [1fed7d9606dea1c5b9cf6f545622567c, findElement {value=div.navbar, using=css selector}]&#10;Capabilities {acceptInsecureCerts: false, browserName: chrome, browserVersion: 138.0.7204.93, chrome: {chromedriverVersion: 138.0.7204.94 (545025748884..., userDataDir: /var/folders/hz/cwg6cg4n5ms...}, fedcm:accounts: true, goog:chromeOptions: {debuggerAddress: localhost:56204}, networkConnectionEnabled: false, pageLoadStrategy: normal, platformName: mac, proxy: Proxy(), se:cdp: ws://localhost:56204/devtoo..., se:cdpVersion: 138.0.7204.93, setWindowRect: true, strictFileInteractability: false, timeouts: {implicit: 0, pageLoad: 300000, script: 30000}, unhandledPromptBehavior: dismiss and notify, webauthn:extension:credBlob: true, webauthn:extension:largeBlob: true, webauthn:extension:minPinLength: true, webauthn:extension:prf: true, webauthn:virtualAuthenticators: true}&#10;Session ID: 1fed7d9606dea1c5b9cf6f545622567c" type="org.openqa.selenium.NoSuchElementException">org.openqa.selenium.NoSuchElementException: 
no such element: Unable to locate element: {"method":"css selector","selector":"div.navbar"}
  (Session info: chrome=138.0.7204.93)
For documentation on this error, please visit: https://www.selenium.dev/documentation/webdriver/troubleshooting/errors#no-such-element-exception
Build info: version: '4.21.0', revision: '79ed462ef4'
System info: os.name: 'Mac OS X', os.arch: 'aarch64', os.version: '15.4.1', java.version: '24.0.1'
Driver info: org.openqa.selenium.chrome.ChromeDriver
Command: [1fed7d9606dea1c5b9cf6f545622567c, findElement {value=div.navbar, using=css selector}]
Capabilities {acceptInsecureCerts: false, browserName: chrome, browserVersion: 138.0.7204.93, chrome: {chromedriverVersion: 138.0.7204.94 (545025748884..., userDataDir: /var/folders/hz/cwg6cg4n5ms...}, fedcm:accounts: true, goog:chromeOptions: {debuggerAddress: localhost:56204}, networkConnectionEnabled: false, pageLoadStrategy: normal, platformName: mac, proxy: Proxy(), se:cdp: ws://localhost:56204/devtoo..., se:cdpVersion: 138.0.7204.93, setWindowRect: true, strictFileInteractability: false, timeouts: {implicit: 0, pageLoad: 300000, script: 30000}, unhandledPromptBehavior: dismiss and notify, webauthn:extension:credBlob: true, webauthn:extension:largeBlob: true, webauthn:extension:minPinLength: true, webauthn:extension:prf: true, webauthn:virtualAuthenticators: true}
Session ID: 1fed7d9606dea1c5b9cf6f545622567c
	at tests.InsiderQATest.testHomePageIsOpened(InsiderQATest.java:36)
</failure>
    <system-err><![CDATA[SLF4J(W): No SLF4J providers were found.
SLF4J(W): Defaulting to no-operation (NOP) logger implementation
SLF4J(W): See https://www.slf4j.org/codes.html#noProviders for further details.
Jul 11, 2025 2:36:14 PM org.openqa.selenium.devtools.CdpVersionFinder findNearestMatch
WARNING: Unable to find CDP implementation matching 138
Jul 11, 2025 2:36:14 PM org.openqa.selenium.chromium.ChromiumDriver lambda$new$5
WARNING: Unable to find version of CDP to use for 138.0.7204.93. You may need to include a dependency on a specific version of the CDP using something similar to `org.seleniumhq.selenium:selenium-devtools-v86:4.21.0` where the version ("v86") matches the version of the chromium-based browser you're using and the version number of the artifact is the same as Selenium's.
]]></system-err>
  </testcase>
  <testcase name="testCareerPageBlocksAreVisible" classname="tests.InsiderQATest" time="11.922">
    <failure message="no such element: Unable to locate element: {&quot;method&quot;:&quot;xpath&quot;,&quot;selector&quot;:&quot;//section[contains(@class,&apos;teams&apos;)]&quot;}&#10;  (Session info: chrome=138.0.7204.93)&#10;For documentation on this error, please visit: https://www.selenium.dev/documentation/webdriver/troubleshooting/errors#no-such-element-exception&#10;Build info: version: &apos;4.21.0&apos;, revision: &apos;79ed462ef4&apos;&#10;System info: os.name: &apos;Mac OS X&apos;, os.arch: &apos;aarch64&apos;, os.version: &apos;15.4.1&apos;, java.version: &apos;24.0.1&apos;&#10;Driver info: org.openqa.selenium.chrome.ChromeDriver&#10;Command: [1fed7d9606dea1c5b9cf6f545622567c, findElement {value=//section[contains(@class,&apos;teams&apos;)], using=xpath}]&#10;Capabilities {acceptInsecureCerts: false, browserName: chrome, browserVersion: 138.0.7204.93, chrome: {chromedriverVersion: 138.0.7204.94 (545025748884..., userDataDir: /var/folders/hz/cwg6cg4n5ms...}, fedcm:accounts: true, goog:chromeOptions: {debuggerAddress: localhost:56204}, networkConnectionEnabled: false, pageLoadStrategy: normal, platformName: mac, proxy: Proxy(), se:cdp: ws://localhost:56204/devtoo..., se:cdpVersion: 138.0.7204.93, setWindowRect: true, strictFileInteractability: false, timeouts: {implicit: 0, pageLoad: 300000, script: 30000}, unhandledPromptBehavior: dismiss and notify, webauthn:extension:credBlob: true, webauthn:extension:largeBlob: true, webauthn:extension:minPinLength: true, webauthn:extension:prf: true, webauthn:virtualAuthenticators: true}&#10;Session ID: 1fed7d9606dea1c5b9cf6f545622567c" type="org.openqa.selenium.NoSuchElementException">org.openqa.selenium.NoSuchElementException: 
no such element: Unable to locate element: {"method":"xpath","selector":"//section[contains(@class,'teams')]"}
  (Session info: chrome=138.0.7204.93)
For documentation on this error, please visit: https://www.selenium.dev/documentation/webdriver/troubleshooting/errors#no-such-element-exception
Build info: version: '4.21.0', revision: '79ed462ef4'
System info: os.name: 'Mac OS X', os.arch: 'aarch64', os.version: '15.4.1', java.version: '24.0.1'
Driver info: org.openqa.selenium.chrome.ChromeDriver
Command: [1fed7d9606dea1c5b9cf6f545622567c, findElement {value=//section[contains(@class,'teams')], using=xpath}]
Capabilities {acceptInsecureCerts: false, browserName: chrome, browserVersion: 138.0.7204.93, chrome: {chromedriverVersion: 138.0.7204.94 (545025748884..., userDataDir: /var/folders/hz/cwg6cg4n5ms...}, fedcm:accounts: true, goog:chromeOptions: {debuggerAddress: localhost:56204}, networkConnectionEnabled: false, pageLoadStrategy: normal, platformName: mac, proxy: Proxy(), se:cdp: ws://localhost:56204/devtoo..., se:cdpVersion: 138.0.7204.93, setWindowRect: true, strictFileInteractability: false, timeouts: {implicit: 0, pageLoad: 300000, script: 30000}, unhandledPromptBehavior: dismiss and notify, webauthn:extension:credBlob: true, webauthn:extension:largeBlob: true, webauthn:extension:minPinLength: true, webauthn:extension:prf: true, webauthn:virtualAuthenticators: true}
Session ID: 1fed7d9606dea1c5b9cf6f545622567c
	at tests.InsiderQATest.testCareerPageBlocksAreVisible(InsiderQATest.java:44)
</failure>
  </testcase>
  <testcase name="testQAJobsFilterAndValidation" classname="tests.InsiderQATest" time="2.005">
    <failure message="element click intercepted: Element &lt;span class=&quot;select2-selection__rendered&quot; id=&quot;select2-filter-by-location-container&quot; role=&quot;textbox&quot; aria-readonly=&quot;true&quot; title=&quot;All&quot;&gt;...&lt;/span&gt; is not clickable at point (420, 609). Other element would receive the click: &lt;h5 role=&quot;heading&quot; aria-level=&quot;5&quot; tabindex=&quot;0&quot; id=&quot;wt-cli-cookie-banner-title&quot; style=&quot;display:block;&quot;&gt;...&lt;/h5&gt;&#10;  (Session info: chrome=138.0.7204.93)&#10;Build info: version: &apos;4.21.0&apos;, revision: &apos;79ed462ef4&apos;&#10;System info: os.name: &apos;Mac OS X&apos;, os.arch: &apos;aarch64&apos;, os.version: &apos;15.4.1&apos;, java.version: &apos;24.0.1&apos;&#10;Driver info: org.openqa.selenium.chrome.ChromeDriver&#10;Command: [1fed7d9606dea1c5b9cf6f545622567c, clickElement {id=f.99C9A820F12ECB46924830461B059FE4.d.5CB0E605D2EF718BC285B0D6B3EE2FFC.e.304}]&#10;Capabilities {acceptInsecureCerts: false, browserName: chrome, browserVersion: 138.0.7204.93, chrome: {chromedriverVersion: 138.0.7204.94 (545025748884..., userDataDir: /var/folders/hz/cwg6cg4n5ms...}, fedcm:accounts: true, goog:chromeOptions: {debuggerAddress: localhost:56204}, networkConnectionEnabled: false, pageLoadStrategy: normal, platformName: mac, proxy: Proxy(), se:cdp: ws://localhost:56204/devtoo..., se:cdpVersion: 138.0.7204.93, setWindowRect: true, strictFileInteractability: false, timeouts: {implicit: 0, pageLoad: 300000, script: 30000}, unhandledPromptBehavior: dismiss and notify, webauthn:extension:credBlob: true, webauthn:extension:largeBlob: true, webauthn:extension:minPinLength: true, webauthn:extension:prf: true, webauthn:virtualAuthenticators: true}&#10;Element: [[ChromeDriver: chrome on mac (1fed7d9606dea1c5b9cf6f545622567c)] -&gt; id: select2-filter-by-location-container]&#10;Session ID: 1fed7d9606dea1c5b9cf6f545622567c" type="org.openqa.selenium.ElementClickInterceptedException"><![CDATA[org.openqa.selenium.ElementClickInterceptedException: 
element click intercepted: Element <span class="select2-selection__rendered" id="select2-filter-by-location-container" role="textbox" aria-readonly="true" title="All">...</span> is not clickable at point (420, 609). Other element would receive the click: <h5 role="heading" aria-level="5" tabindex="0" id="wt-cli-cookie-banner-title" style="display:block;">...</h5>
  (Session info: chrome=138.0.7204.93)
Build info: version: '4.21.0', revision: '79ed462ef4'
System info: os.name: 'Mac OS X', os.arch: 'aarch64', os.version: '15.4.1', java.version: '24.0.1'
Driver info: org.openqa.selenium.chrome.ChromeDriver
Command: [1fed7d9606dea1c5b9cf6f545622567c, clickElement {id=f.99C9A820F12ECB46924830461B059FE4.d.5CB0E605D2EF718BC285B0D6B3EE2FFC.e.304}]
Capabilities {acceptInsecureCerts: false, browserName: chrome, browserVersion: 138.0.7204.93, chrome: {chromedriverVersion: 138.0.7204.94 (545025748884..., userDataDir: /var/folders/hz/cwg6cg4n5ms...}, fedcm:accounts: true, goog:chromeOptions: {debuggerAddress: localhost:56204}, networkConnectionEnabled: false, pageLoadStrategy: normal, platformName: mac, proxy: Proxy(), se:cdp: ws://localhost:56204/devtoo..., se:cdpVersion: 138.0.7204.93, setWindowRect: true, strictFileInteractability: false, timeouts: {implicit: 0, pageLoad: 300000, script: 30000}, unhandledPromptBehavior: dismiss and notify, webauthn:extension:credBlob: true, webauthn:extension:largeBlob: true, webauthn:extension:minPinLength: true, webauthn:extension:prf: true, webauthn:virtualAuthenticators: true}
Element: [[ChromeDriver: chrome on mac (1fed7d9606dea1c5b9cf6f545622567c)] -> id: select2-filter-by-location-container]
Session ID: 1fed7d9606dea1c5b9cf6f545622567c
	at tests.InsiderQATest.testQAJobsFilterAndValidation(InsiderQATest.java:53)
]]></failure>
  </testcase>
  <testcase name="testViewRoleRedirectsToLeverPage" classname="tests.InsiderQATest" time="2.76">
    <failure message="element click intercepted: Element is not clickable at point (270, 1140)&#10;  (Session info: chrome=138.0.7204.93)&#10;Build info: version: &apos;4.21.0&apos;, revision: &apos;79ed462ef4&apos;&#10;System info: os.name: &apos;Mac OS X&apos;, os.arch: &apos;aarch64&apos;, os.version: &apos;15.4.1&apos;, java.version: &apos;24.0.1&apos;&#10;Driver info: org.openqa.selenium.chrome.ChromeDriver&#10;Command: [1fed7d9606dea1c5b9cf6f545622567c, clickElement {id=f.99C9A820F12ECB46924830461B059FE4.d.5CB0E605D2EF718BC285B0D6B3EE2FFC.e.308}]&#10;Capabilities {acceptInsecureCerts: false, browserName: chrome, browserVersion: 138.0.7204.93, chrome: {chromedriverVersion: 138.0.7204.94 (545025748884..., userDataDir: /var/folders/hz/cwg6cg4n5ms...}, fedcm:accounts: true, goog:chromeOptions: {debuggerAddress: localhost:56204}, networkConnectionEnabled: false, pageLoadStrategy: normal, platformName: mac, proxy: Proxy(), se:cdp: ws://localhost:56204/devtoo..., se:cdpVersion: 138.0.7204.93, setWindowRect: true, strictFileInteractability: false, timeouts: {implicit: 0, pageLoad: 300000, script: 30000}, unhandledPromptBehavior: dismiss and notify, webauthn:extension:credBlob: true, webauthn:extension:largeBlob: true, webauthn:extension:minPinLength: true, webauthn:extension:prf: true, webauthn:virtualAuthenticators: true}&#10;Element: [[ChromeDriver: chrome on mac (1fed7d9606dea1c5b9cf6f545622567c)] -&gt; xpath: (//a[contains(text(),&apos;View Role&apos;)])[1]]&#10;Session ID: 1fed7d9606dea1c5b9cf6f545622567c" type="org.openqa.selenium.ElementClickInterceptedException">org.openqa.selenium.ElementClickInterceptedException: 
element click intercepted: Element is not clickable at point (270, 1140)
  (Session info: chrome=138.0.7204.93)
Build info: version: '4.21.0', revision: '79ed462ef4'
System info: os.name: 'Mac OS X', os.arch: 'aarch64', os.version: '15.4.1', java.version: '24.0.1'
Driver info: org.openqa.selenium.chrome.ChromeDriver
Command: [1fed7d9606dea1c5b9cf6f545622567c, clickElement {id=f.99C9A820F12ECB46924830461B059FE4.d.5CB0E605D2EF718BC285B0D6B3EE2FFC.e.308}]
Capabilities {acceptInsecureCerts: false, browserName: chrome, browserVersion: 138.0.7204.93, chrome: {chromedriverVersion: 138.0.7204.94 (545025748884..., userDataDir: /var/folders/hz/cwg6cg4n5ms...}, fedcm:accounts: true, goog:chromeOptions: {debuggerAddress: localhost:56204}, networkConnectionEnabled: false, pageLoadStrategy: normal, platformName: mac, proxy: Proxy(), se:cdp: ws://localhost:56204/devtoo..., se:cdpVersion: 138.0.7204.93, setWindowRect: true, strictFileInteractability: false, timeouts: {implicit: 0, pageLoad: 300000, script: 30000}, unhandledPromptBehavior: dismiss and notify, webauthn:extension:credBlob: true, webauthn:extension:largeBlob: true, webauthn:extension:minPinLength: true, webauthn:extension:prf: true, webauthn:virtualAuthenticators: true}
Element: [[ChromeDriver: chrome on mac (1fed7d9606dea1c5b9cf6f545622567c)] -> xpath: (//a[contains(text(),'View Role')])[1]]
Session ID: 1fed7d9606dea1c5b9cf6f545622567c
	at tests.InsiderQATest.testViewRoleRedirectsToLeverPage(InsiderQATest.java:63)
</failure>
  </testcase>
</testsuite>